<?xml version="1.0" encoding="UTF-8"?>
<!-- Generated by org.testng.reporters.JUnitXMLReporter -->
<testsuite ignored="0" hostname="DESKTOP-N653JNU" failures="1" tests="9" name="Test" time="72.661" errors="0" timestamp="2023-04-24T15:04:22 EDT">
  <testcase classname="com.crm.qa.testcases.ContactsPageTest" name="verifyContactsPageLabel" time="0.036"/>
  <testcase classname="com.crm.qa.testcases.ContactsPageTest" name="selectContactsTest" time="2.391"/>
  <testcase classname="com.crm.qa.testcases.ContactsPageTest" name="verifyNewContactCreated" time="11.188"/>
  <testcase classname="com.crm.qa.testcases.HomePageTest" name="verifyHomePageTitleTest" time="0.006"/>
  <testcase classname="com.crm.qa.testcases.HomePageTest" name="verifyUserNameTest" time="1.036"/>
  <testcase classname="com.crm.qa.testcases.HomePageTest" name="verifyContactsLinkTest" time="0.971"/>
  <testcase classname="com.crm.qa.testcases.LoginPageTest" name="loginPageTitleTest" time="0.005">
    <failure type="java.lang.AssertionError" message="expected [#1 Free CRM Software for every business] but found [#1 Free CRM App for every business customer relationship management cloud]">
      <![CDATA[java.lang.AssertionError: expected [#1 Free CRM Software for every business] but found [#1 Free CRM App for every business customer relationship management cloud]
at com.crm.qa.testcases.LoginPageTest.loginPageTitleTest(LoginPageTest.java:28)
at java.base/java.util.ArrayList.forEach(ArrayList.java:1511)
... Removed 33 stack frames]]>
    </failure>
  </testcase> <!-- loginPageTitleTest -->
  <testcase classname="com.crm.qa.testcases.LoginPageTest" name="crmLogoTest" time="0.02"/>
  <testcase classname="com.crm.qa.testcases.LoginPageTest" name="loginTest" time="6.317"/>
</testsuite> <!-- Test -->
